Loading preset: 1422
Preset loaded successfully
Loaded image: 640x480
Encoding started
Color space: RGB
Channel 0 segmentation
Created 4920 segments
Wavelet for plane 0 -> Haar
Prediction for plane 0 -> CORNER
Channel 1 segmentation
Created 4800 segments
Wavelet for plane 1 -> Symlet8
Prediction for plane 1 -> H
Channel 2 segmentation
Created 5430 segments
Wavelet for plane 2 -> Haar
Prediction for plane 2 -> DIFF
FINISHED
Encoded to: {repo_path}/output/preset-gallery/glic/009_1422.glic
Decoding started
Color space: RGB
Channel 0 segmentation
Channel 1 segmentation
Channel 2 segmentation
Wavelet for plane 0 -> Haar
Prediction for plane 0 -> CORNER
Wavelet for plane 1 -> Symlet8
Prediction for plane 1 -> H
Wavelet for plane 2 -> Haar
Prediction for plane 2 -> DIFF
FINISHED
Decoded to: {repo_path}/output/preset-gallery/images/009_1422.png (640x480)
preset=1422
