Loading preset: 1llu510n
Preset loaded successfully
Loaded image: 640x480
Encoding started
Color space: LUV
Channel 0 segmentation
Created 4800 segments
Wavelet for plane 0 -> Symlet8
Prediction for plane 0 -> NOISE
Channel 1 segmentation
Created 76800 segments
Wavelet for plane 1 -> Symlet8
Prediction for plane 1 -> ANGLE
Channel 2 segmentation
Created 4800 segments
Wavelet for plane 2 -> Symlet8
Prediction for plane 2 -> V
FINISHED
Encoded to: {repo_path}/output/preset-gallery/glic/011_1llu510n.glic
Decoding started
Color space: LUV
Channel 0 segmentation
Channel 1 segmentation
Channel 2 segmentation
Wavelet for plane 0 -> Symlet8
Prediction for plane 0 -> NOISE
Wavelet for plane 1 -> Symlet8
Prediction for plane 1 -> ANGLE
Wavelet for plane 2 -> Symlet8
Prediction for plane 2 -> V
FINISHED
Decoded to: {repo_path}/output/preset-gallery/images/011_1llu510n.png (640x480)
preset=1llu510n
