Loading preset: 2211
Preset loaded successfully
Loaded image: 640x480
Encoding started
Color space: OHTA
Channel 0 segmentation
Created 19200 segments
Wavelet for plane 0 -> Symlet8
Prediction for plane 0 -> DC
Channel 1 segmentation
Created 4800 segments
Wavelet for plane 1 -> Symlet8
Prediction for plane 1 -> H
Channel 2 segmentation
Created 4800 segments
Wavelet for plane 2 -> Haar
Prediction for plane 2 -> DIFF
FINISHED
Encoded to: {repo_path}/output/preset-gallery/glic/013_2211.glic
Decoding started
Color space: OHTA
Channel 0 segmentation
Channel 1 segmentation
Channel 2 segmentation
Wavelet for plane 0 -> Symlet8
Prediction for plane 0 -> DC
Wavelet for plane 1 -> Symlet8
Prediction for plane 1 -> H
Wavelet for plane 2 -> Haar
Prediction for plane 2 -> DIFF
FINISHED
Decoded to: {repo_path}/output/preset-gallery/images/013_2211.png (640x480)
preset=2211
