Loading preset: 5pl1tz
Preset loaded successfully
Loaded image: 640x480
Encoding started
Color space: XYZ
Channel 0 segmentation
Created 4800 segments
Wavelet for plane 0 -> Symlet8
Prediction for plane 0 -> REF
Channel 1 segmentation
Created 76800 segments
Wavelet for plane 1 -> Symlet8
Prediction for plane 1 -> ANGLE
Channel 2 segmentation
Created 9015 segments
Wavelet for plane 2 -> Symlet8
Prediction for plane 2 -> V
FINISHED
Encoded to: {repo_path}/output/preset-gallery/glic/017_5pl1tz.glic
Decoding started
Color space: XYZ
Channel 0 segmentation
Channel 1 segmentation
Channel 2 segmentation
Wavelet for plane 0 -> Symlet8
Prediction for plane 0 -> REF
Wavelet for plane 1 -> Symlet8
Prediction for plane 1 -> ANGLE
Wavelet for plane 2 -> Symlet8
Prediction for plane 2 -> V
FINISHED
Decoded to: {repo_path}/output/preset-gallery/images/017_5pl1tz.png (640x480)
preset=5pl1tz
