Loading preset: bl33dyl1n3z
Preset loaded successfully
Loaded image: 640x480
Encoding started
Color space: HWB
Channel 0 segmentation
Created 307200 segments
Wavelet for plane 0 -> Symlet8
Prediction for plane 0 -> LDIAG
Channel 1 segmentation
Created 76800 segments
Wavelet for plane 1 -> Symlet8
Prediction for plane 1 -> ANGLE
Channel 2 segmentation
Created 14802 segments
Wavelet for plane 2 -> Symlet8
Prediction for plane 2 -> V
FINISHED
Encoded to: {repo_path}/output/preset-gallery/glic/026_bl33dyl1n3z.glic
Decoding started
Color space: HWB
Channel 0 segmentation
Channel 1 segmentation
Channel 2 segmentation
Wavelet for plane 0 -> Symlet8
Prediction for plane 0 -> LDIAG
Wavelet for plane 1 -> Symlet8
Prediction for plane 1 -> ANGLE
Wavelet for plane 2 -> Symlet8
Prediction for plane 2 -> V
FINISHED
Decoded to: {repo_path}/output/preset-gallery/images/026_bl33dyl1n3z.png (640x480)
preset=bl33dyl1n3z
