Loading preset: blasted
Preset loaded successfully
Loaded image: 640x480
Encoding started
Color space: XYZ
Channel 0 segmentation
Created 9444 segments
Wavelet for plane 0 -> Symlet8
Prediction for plane 0 -> PAETH
Channel 1 segmentation
Created 9288 segments
Wavelet for plane 1 -> Symlet8
Prediction for plane 1 -> AVG
Channel 2 segmentation
Created 9075 segments
Wavelet for plane 2 -> NONE
Prediction for plane 2 -> AVG
FINISHED
Encoded to: {repo_path}/output/preset-gallery/glic/029_blasted.glic
Decoding started
Color space: XYZ
Channel 0 segmentation
Channel 1 segmentation
Channel 2 segmentation
Wavelet for plane 0 -> Symlet8
Prediction for plane 0 -> PAETH
Wavelet for plane 1 -> Symlet8
Prediction for plane 1 -> AVG
Wavelet for plane 2 -> NONE
Prediction for plane 2 -> AVG
FINISHED
Decoded to: {repo_path}/output/preset-gallery/images/029_blasted.png (640x480)
preset=blasted
