Loading preset: bleeding_blocks
Preset loaded successfully
Loaded image: 640x480
Encoding started
Color space: RGB
Channel 0 segmentation
Created 20925 segments
Wavelet for plane 0 -> Symlet8
Prediction for plane 0 -> DIFF
Channel 1 segmentation
Created 14616 segments
Wavelet for plane 1 -> Symlet8
Prediction for plane 1 -> AVG
Channel 2 segmentation
Created 14367 segments
Wavelet for plane 2 -> NONE
Prediction for plane 2 -> AVG
FINISHED
Encoded to: {repo_path}/output/preset-gallery/glic/030_bleeding_blocks.glic
Decoding started
Color space: RGB
Channel 0 segmentation
Channel 1 segmentation
Channel 2 segmentation
Wavelet for plane 0 -> Symlet8
Prediction for plane 0 -> DIFF
Wavelet for plane 1 -> Symlet8
Prediction for plane 1 -> AVG
Wavelet for plane 2 -> NONE
Prediction for plane 2 -> AVG
FINISHED
Decoded to: {repo_path}/output/preset-gallery/images/030_bleeding_blocks.png (640x480)
preset=bleeding_blocks
