Loading preset: c0m1c
Preset loaded successfully
Loaded image: 640x480
Encoding started
Color space: HCL
Channel 0 segmentation
Created 32421 segments
Wavelet for plane 0 -> Symlet8
Prediction for plane 0 -> REF
Channel 1 segmentation
Created 4938 segments
Wavelet for plane 1 -> Symlet8
Prediction for plane 1 -> AVG
Channel 2 segmentation
Created 14391 segments
Wavelet for plane 2 -> NONE
Prediction for plane 2 -> AVG
FINISHED
Encoded to: {repo_path}/output/preset-gallery/glic/037_c0m1c.glic
Decoding started
Color space: HCL
Channel 0 segmentation
Channel 1 segmentation
Channel 2 segmentation
Wavelet for plane 0 -> Symlet8
Prediction for plane 0 -> REF
Wavelet for plane 1 -> Symlet8
Prediction for plane 1 -> AVG
Wavelet for plane 2 -> NONE
Prediction for plane 2 -> AVG
FINISHED
Decoded to: {repo_path}/output/preset-gallery/images/037_c0m1c.png (640x480)
preset=c0m1c
