Loading preset: confetti
Preset loaded successfully
Loaded image: 640x480
Encoding started
Color space: YXY
Channel 0 segmentation
Created 20007 segments
Wavelet for plane 0 -> Coiflet2
Prediction for plane 0 -> GRADIENT
Channel 1 segmentation
Created 8058 segments
Wavelet for plane 1 -> Symlet8
Prediction for plane 1 -> AVG
Channel 2 segmentation
Created 7500 segments
Wavelet for plane 2 -> NONE
Prediction for plane 2 -> AVG
FINISHED
Encoded to: {repo_path}/output/preset-gallery/glic/052_confetti.glic
Decoding started
Color space: YXY
Channel 0 segmentation
Channel 1 segmentation
Channel 2 segmentation
Wavelet for plane 0 -> Coiflet2
Prediction for plane 0 -> GRADIENT
Wavelet for plane 1 -> Symlet8
Prediction for plane 1 -> AVG
Wavelet for plane 2 -> NONE
Prediction for plane 2 -> AVG
FINISHED
Decoded to: {repo_path}/output/preset-gallery/images/052_confetti.png (640x480)
preset=confetti
