Loading preset: d1ffu510nz
Preset loaded successfully
Loaded image: 640x480
Encoding started
Color space: RGB
Channel 0 segmentation
Created 4800 segments
Wavelet for plane 0 -> Coiflet2
Prediction for plane 0 -> LDIAG
Channel 1 segmentation
Created 14592 segments
Wavelet for plane 1 -> Symlet8
Prediction for plane 1 -> AVG
Channel 2 segmentation
Created 14604 segments
Wavelet for plane 2 -> NONE
Prediction for plane 2 -> AVG
FINISHED
Encoded to: {repo_path}/output/preset-gallery/glic/060_d1ffu510nz.glic
Decoding started
Color space: RGB
Channel 0 segmentation
Channel 1 segmentation
Channel 2 segmentation
Wavelet for plane 0 -> Coiflet2
Prediction for plane 0 -> LDIAG
Wavelet for plane 1 -> Symlet8
Prediction for plane 1 -> AVG
Wavelet for plane 2 -> NONE
Prediction for plane 2 -> AVG
FINISHED
Decoded to: {repo_path}/output/preset-gallery/images/060_d1ffu510nz.png (640x480)
preset=d1ffu510nz
