Loading preset: d3cayy-d
Preset loaded successfully
Loaded image: 640x480
Encoding started
Color space: YXY
Channel 0 segmentation
Created 307200 segments
Wavelet for plane 0 -> Symlet8
Prediction for plane 0 -> ANGLE
Channel 1 segmentation
Created 76800 segments
Wavelet for plane 1 -> Symlet8
Prediction for plane 1 -> ANGLE
Channel 2 segmentation
Created 7398 segments
Wavelet for plane 2 -> Symlet8
Prediction for plane 2 -> V
FINISHED
Encoded to: {repo_path}/output/preset-gallery/glic/061_d3cayy-d.glic
Decoding started
Color space: YXY
Channel 0 segmentation
Channel 1 segmentation
Channel 2 segmentation
Wavelet for plane 0 -> Symlet8
Prediction for plane 0 -> ANGLE
Wavelet for plane 1 -> Symlet8
Prediction for plane 1 -> ANGLE
Wavelet for plane 2 -> Symlet8
Prediction for plane 2 -> V
FINISHED
Decoded to: {repo_path}/output/preset-gallery/images/061_d3cayy-d.png (640x480)
preset=d3cayy-d
