Loading preset: default
Preset loaded successfully
Loaded image: 640x480
Encoding started
Color space: RGB
Channel 0 segmentation
Created 14742 segments
Wavelet for plane 0 -> Symlet8
Prediction for plane 0 -> AVG
Channel 1 segmentation
Created 14307 segments
Wavelet for plane 1 -> Symlet8
Prediction for plane 1 -> AVG
Channel 2 segmentation
Created 14373 segments
Wavelet for plane 2 -> NONE
Prediction for plane 2 -> AVG
FINISHED
Encoded to: {repo_path}/output/preset-gallery/glic/063_default.glic
Decoding started
Color space: RGB
Channel 0 segmentation
Channel 1 segmentation
Channel 2 segmentation
Wavelet for plane 0 -> Symlet8
Prediction for plane 0 -> AVG
Wavelet for plane 1 -> Symlet8
Prediction for plane 1 -> AVG
Wavelet for plane 2 -> NONE
Prediction for plane 2 -> AVG
FINISHED
Decoded to: {repo_path}/output/preset-gallery/images/063_default.png (640x480)
preset=default
