Loading preset: g0dh34d-e
Preset loaded successfully
Loaded image: 640x480
Encoding started
Color space: HSB
Channel 0 segmentation
Created 4800 segments
Wavelet for plane 0 -> Symlet8
Prediction for plane 0 -> LDIAG
Channel 1 segmentation
Created 18282 segments
Wavelet for plane 1 -> Symlet8
Prediction for plane 1 -> AVG
Channel 2 segmentation
Created 14859 segments
Wavelet for plane 2 -> NONE
Prediction for plane 2 -> AVG
FINISHED
Encoded to: {repo_path}/output/preset-gallery/glic/070_g0dh34d-e.glic
Decoding started
Color space: HSB
Channel 0 segmentation
Channel 1 segmentation
Channel 2 segmentation
Wavelet for plane 0 -> Symlet8
Prediction for plane 0 -> LDIAG
Wavelet for plane 1 -> Symlet8
Prediction for plane 1 -> AVG
Wavelet for plane 2 -> NONE
Prediction for plane 2 -> AVG
FINISHED
Decoded to: {repo_path}/output/preset-gallery/images/070_g0dh34d-e.png (640x480)
preset=g0dh34d-e
