Loading preset: haze2
Preset loaded successfully
Loaded image: 640x480
Encoding started
Color space: XYZ
Channel 0 segmentation
Created 48543 segments
Wavelet for plane 0 -> Symlet8
Prediction for plane 0 -> DC
Channel 1 segmentation
Created 9315 segments
Wavelet for plane 1 -> Symlet8
Prediction for plane 1 -> AVG
Channel 2 segmentation
Created 9036 segments
Wavelet for plane 2 -> NONE
Prediction for plane 2 -> AVG
FINISHED
Encoded to: {repo_path}/output/preset-gallery/glic/075_haze2.glic
Decoding started
Color space: XYZ
Channel 0 segmentation
Channel 1 segmentation
Channel 2 segmentation
Wavelet for plane 0 -> Symlet8
Prediction for plane 0 -> DC
Wavelet for plane 1 -> Symlet8
Prediction for plane 1 -> AVG
Wavelet for plane 2 -> NONE
Prediction for plane 2 -> AVG
FINISHED
Decoded to: {repo_path}/output/preset-gallery/images/075_haze2.png (640x480)
preset=haze2
