Loading preset: high_compression
Preset loaded successfully
Loaded image: 640x480
Encoding started
Color space: YXY
Channel 0 segmentation
Created 9147 segments
Wavelet for plane 0 -> Coiflet2
Prediction for plane 0 -> NONE
Channel 1 segmentation
Created 8166 segments
Wavelet for plane 1 -> Symlet8
Prediction for plane 1 -> AVG
Channel 2 segmentation
Created 7350 segments
Wavelet for plane 2 -> NONE
Prediction for plane 2 -> AVG
FINISHED
Encoded to: {repo_path}/output/preset-gallery/glic/076_high_compression.glic
Decoding started
Color space: YXY
Channel 0 segmentation
Channel 1 segmentation
Channel 2 segmentation
Wavelet for plane 0 -> Coiflet2
Prediction for plane 0 -> NONE
Wavelet for plane 1 -> Symlet8
Prediction for plane 1 -> AVG
Wavelet for plane 2 -> NONE
Prediction for plane 2 -> AVG
FINISHED
Decoded to: {repo_path}/output/preset-gallery/images/076_high_compression.png (640x480)
preset=high_compression
