Loading preset: pcool
Preset loaded successfully
Loaded image: 640x480
Encoding started
Color space: R-GGB-G
Channel 0 segmentation
Created 20916 segments
Wavelet for plane 0 -> Symlet8
Prediction for plane 0 -> JPEGLS
Channel 1 segmentation
Created 14637 segments
Wavelet for plane 1 -> Symlet8
Prediction for plane 1 -> AVG
Channel 2 segmentation
Created 9450 segments
Wavelet for plane 2 -> NONE
Prediction for plane 2 -> AVG
FINISHED
Encoded to: {repo_path}/output/preset-gallery/glic/093_pcool.glic
Decoding started
Color space: R-GGB-G
Channel 0 segmentation
Channel 1 segmentation
Channel 2 segmentation
Wavelet for plane 0 -> Symlet8
Prediction for plane 0 -> JPEGLS
Wavelet for plane 1 -> Symlet8
Prediction for plane 1 -> AVG
Wavelet for plane 2 -> NONE
Prediction for plane 2 -> AVG
FINISHED
Decoded to: {repo_path}/output/preset-gallery/images/093_pcool.png (640x480)
preset=pcool
