Loading preset: shinybright
Preset loaded successfully
Loaded image: 640x480
Encoding started
Color space: HSB
Channel 0 segmentation
Created 19200 segments
Wavelet for plane 0 -> Symlet8
Prediction for plane 0 -> LDIAG
Channel 1 segmentation
Created 18507 segments
Wavelet for plane 1 -> Symlet8
Prediction for plane 1 -> AVG
Channel 2 segmentation
Created 14913 segments
Wavelet for plane 2 -> NONE
Prediction for plane 2 -> AVG
FINISHED
Encoded to: {repo_path}/output/preset-gallery/glic/098_shinybright.glic
Decoding started
Color space: HSB
Channel 0 segmentation
Channel 1 segmentation
Channel 2 segmentation
Wavelet for plane 0 -> Symlet8
Prediction for plane 0 -> LDIAG
Wavelet for plane 1 -> Symlet8
Prediction for plane 1 -> AVG
Wavelet for plane 2 -> NONE
Prediction for plane 2 -> AVG
FINISHED
Decoded to: {repo_path}/output/preset-gallery/images/098_shinybright.png (640x480)
preset=shinybright
