Loading preset: sk0021xyz
Preset loaded successfully
Loaded image: 640x480
Encoding started
Color space: XYZ
Channel 0 segmentation
Created 4800 segments
Wavelet for plane 0 -> Symlet8
Prediction for plane 0 -> HV
Channel 1 segmentation
Created 9171 segments
Wavelet for plane 1 -> Symlet8
Prediction for plane 1 -> AVG
Channel 2 segmentation
Created 9015 segments
Wavelet for plane 2 -> NONE
Prediction for plane 2 -> AVG
FINISHED
Encoded to: {repo_path}/output/preset-gallery/glic/101_sk0021xyz.glic
Decoding started
Color space: XYZ
Channel 0 segmentation
Channel 1 segmentation
Channel 2 segmentation
Wavelet for plane 0 -> Symlet8
Prediction for plane 0 -> HV
Wavelet for plane 1 -> Symlet8
Prediction for plane 1 -> AVG
Wavelet for plane 2 -> NONE
Prediction for plane 2 -> AVG
FINISHED
Decoded to: {repo_path}/output/preset-gallery/images/101_sk0021xyz.png (640x480)
preset=sk0021xyz
