Loading preset: ts01
Preset loaded successfully
Loaded image: 640x480
Encoding started
Color space: HWB
Channel 0 segmentation
Created 24018 segments
Wavelet for plane 0 -> Symlet8
Prediction for plane 0 -> NOISE
Channel 1 segmentation
Created 9024 segments
Wavelet for plane 1 -> Symlet8
Prediction for plane 1 -> H
Channel 2 segmentation
Created 9627 segments
Wavelet for plane 2 -> NONE
Prediction for plane 2 -> V
FINISHED
Encoded to: {repo_path}/output/preset-gallery/glic/110_ts01.glic
Decoding started
Color space: HWB
Channel 0 segmentation
Channel 1 segmentation
Channel 2 segmentation
Wavelet for plane 0 -> Symlet8
Prediction for plane 0 -> NOISE
Wavelet for plane 1 -> Symlet8
Prediction for plane 1 -> H
Wavelet for plane 2 -> NONE
Prediction for plane 2 -> V
FINISHED
Decoded to: {repo_path}/output/preset-gallery/images/110_ts01.png (640x480)
preset=ts01
