Loading preset: vv12
Preset loaded successfully
Loaded image: 640x480
Encoding started
Color space: YDbDr
Channel 0 segmentation
Created 26481 segments
Wavelet for plane 0 -> Symlet8
Prediction for plane 0 -> ANGLE
Channel 1 segmentation
Created 4800 segments
Wavelet for plane 1 -> Symlet8
Prediction for plane 1 -> AVG
Channel 2 segmentation
Created 4800 segments
Wavelet for plane 2 -> NONE
Prediction for plane 2 -> AVG
FINISHED
Encoded to: {repo_path}/output/preset-gallery/glic/123_vv12.glic
Decoding started
Color space: YDbDr
Channel 0 segmentation
Channel 1 segmentation
Channel 2 segmentation
Wavelet for plane 0 -> Symlet8
Prediction for plane 0 -> ANGLE
Wavelet for plane 1 -> Symlet8
Prediction for plane 1 -> AVG
Wavelet for plane 2 -> NONE
Prediction for plane 2 -> AVG
FINISHED
Decoded to: {repo_path}/output/preset-gallery/images/123_vv12.png (640x480)
preset=vv12
