Loading preset: vv13
Preset loaded successfully
Loaded image: 640x480
Encoding started
Color space: LAB
Channel 0 segmentation
Created 76800 segments
Wavelet for plane 0 -> Symlet8
Prediction for plane 0 -> DIFF
Channel 1 segmentation
Created 4800 segments
Wavelet for plane 1 -> Symlet8
Prediction for plane 1 -> AVG
Channel 2 segmentation
Created 4800 segments
Wavelet for plane 2 -> NONE
Prediction for plane 2 -> AVG
FINISHED
Encoded to: {repo_path}/output/preset-gallery/glic/124_vv13.glic
Decoding started
Color space: LAB
Channel 0 segmentation
Channel 1 segmentation
Channel 2 segmentation
Wavelet for plane 0 -> Symlet8
Prediction for plane 0 -> DIFF
Wavelet for plane 1 -> Symlet8
Prediction for plane 1 -> AVG
Wavelet for plane 2 -> NONE
Prediction for plane 2 -> AVG
FINISHED
Decoded to: {repo_path}/output/preset-gallery/images/124_vv13.png (640x480)
preset=vv13
